<?xml version="1.0" encoding="UTF-8"?>
<testsuite xmlns:xsi="http://www.w3.org/2001/XMLSchema-instance" xsi:noNamespaceSchemaLocation="https://maven.apache.org/surefire/maven-surefire-plugin/xsd/surefire-test-report-3.0.xsd" version="3.0" name="edu.utec.gradecalculator.GradeCalculatorTest" time="0.138" tests="6" errors="0" skipped="0" failures="0">
  <properties>
[...]
</properties>
  <testcase name="shouldApplyExtraPointsWhenConditionMet" classname="edu.utec.gradecalculator.GradeCalculatorTest" time="0.067"/>
  <testcase name="shouldThrowExceptionWhenMoreThan10Evaluations" classname="edu.utec.gradecalculator.GradeCalculatorTest" time="0.004"/>
  <testcase name="shouldCalculateGradeCorrectlyWithNormalData" classname="edu.utec.gradecalculator.GradeCalculatorTest" time="0.002"/>
  <testcase name="shouldApplyAttendancePenaltyWhenAttendanceNotMet" classname="edu.utec.gradecalculator.GradeCalculatorTest" time="0.001"/>
  <testcase name="shouldThrowExceptionWhenWeightsDoNotSumToOne" classname="edu.utec.gradecalculator.GradeCalculatorTest" time="0.008"/>
  <testcase name="shouldThrowExceptionWhenEvaluationsListIsEmpty" classname="edu.utec.gradecalculator.GradeCalculatorTest" time="0.002"/>
</testsuite>